end-workflow	Set up job	2025-01-22T17:31:02.4286201Z Current runner version: '2.321.0'
end-workflow	Set up job	2025-01-22T17:31:02.4292738Z Runner name: 'kaos-execution-3'
end-workflow	Set up job	2025-01-22T17:31:02.4293519Z Runner group name: 'kaos-execution'
end-workflow	Set up job	2025-01-22T17:31:02.4294466Z Machine name: 'fd5b6b14f657'
end-workflow	Set up job	2025-01-22T17:31:02.4297765Z ##[group]GITHUB_TOKEN Permissions
end-workflow	Set up job	2025-01-22T17:31:02.4300046Z Actions: write
end-workflow	Set up job	2025-01-22T17:31:02.4300596Z Contents: write
end-workflow	Set up job	2025-01-22T17:31:02.4301098Z Issues: write
end-workflow	Set up job	2025-01-22T17:31:02.4301575Z Metadata: read
end-workflow	Set up job	2025-01-22T17:31:02.4302067Z PullRequests: write
end-workflow	Set up job	2025-01-22T17:31:02.4302584Z ##[endgroup]
end-workflow	Set up job	2025-01-22T17:31:02.4304607Z Secret source: Actions
end-workflow	Set up job	2025-01-22T17:31:02.4305359Z Prepare workflow directory
end-workflow	Set up job	2025-01-22T17:31:02.4813695Z Prepare all required actions
end-workflow	Set up job	2025-01-22T17:31:02.4866731Z Complete job name: end-workflow
end-workflow	Finaliza el workflow	2025-01-22T17:31:02.5392665Z ##[group]Run echo "End process"
end-workflow	Finaliza el workflow	2025-01-22T17:31:02.5393676Z [36;1mecho "End process"[0m
end-workflow	Finaliza el workflow	2025-01-22T17:31:02.5395170Z [36;1mgh workflow run inspector.yaml --ref refs/heads/main -f kaos-issue-id="$KAOS_ISSUE_NUMBER" -f kaos-workflow-id="12913765936" -f kaos-user-start="santakloud"[0m
end-workflow	Finaliza el workflow	2025-01-22T17:31:02.5416449Z shell: /usr/bin/bash -e {0}
end-workflow	Finaliza el workflow	2025-01-22T17:31:02.5417355Z env:
end-workflow	Finaliza el workflow	2025-01-22T17:31:02.5417856Z   KAOS_MODULE: [Ka0S] Execution
end-workflow	Finaliza el workflow	2025-01-22T17:31:02.5418708Z   GH_TOKEN: ***
end-workflow	Finaliza el workflow	2025-01-22T17:31:02.5419219Z   BRANCH_NAME: refs/heads/main
end-workflow	Finaliza el workflow	2025-01-22T17:31:02.5419997Z   KAOS_AUTOMATION_COMPLIANCE: compliance/automations/automations.json
end-workflow	Finaliza el workflow	2025-01-22T17:31:02.5420841Z   KAOS_PATH_RESUME: core/results/
end-workflow	Finaliza el workflow	2025-01-22T17:31:02.5421452Z   KAOS_PATH_OUTPUT: core/outputs/e/
end-workflow	Finaliza el workflow	2025-01-22T17:31:02.5422111Z   KAOS_REPO: /actions-runner/_work/kaos/kaos
end-workflow	Finaliza el workflow	2025-01-22T17:31:02.5422754Z   KAOS_STEP_MODULE: 
end-workflow	Finaliza el workflow	2025-01-22T17:31:02.5423264Z   KAOS_CODE: 12913765936
end-workflow	Finaliza el workflow	2025-01-22T17:31:02.5423800Z   KAOS_ISSUE_NUMBER: 809
end-workflow	Finaliza el workflow	2025-01-22T17:31:02.5424526Z   KAOS_ISSUE_TITLE: [Ka0S] SUMMARY Action Failed: Ka0s Summary
end-workflow	Finaliza el workflow	2025-01-22T17:31:02.5429152Z   KAOS_ISSUE_BODY: An error occurred in the [Ka0S] SUMMARY Action workflow **Ka0s Summary**.
end-workflow	Finaliza el workflow	**[Ka0S] SUMMARY  Message:**
end-workflow	Finaliza el workflow	El error ha sido en : 12913750600
end-workflow	Finaliza el workflow	ejecute este comando en su consola y podrá consultar el fallo del trabajo
end-workflow	Finaliza el workflow	gh run view 12913750600 --log-failed
end-workflow	Finaliza el workflow	```
end-workflow	Finaliza el workflow	**Please check the job logs for https://github.com/SantaKa0S/kaos/actions/runs/12913750600**
end-workflow	Finaliza el workflow	```
end-workflow	Finaliza el workflow	**Workflow Name:** Ka0s Summary
end-workflow	Finaliza el workflow	**Job Name:** handle_failure
end-workflow	Finaliza el workflow	**Run ID:** 12913750600
end-workflow	Finaliza el workflow	**Run Number:** 152
end-workflow	Finaliza el workflow	**Repository:** SantaKa0S/kaos
end-workflow	Finaliza el workflow	**Branch:** refs/heads/main
end-workflow	Finaliza el workflow	**Commit:** e48f95686cd26a53d22e9df50f03abb455398d0b
end-workflow	Finaliza el workflow	Please investigate the issue.
end-workflow	Finaliza el workflow	2025-01-22T17:31:02.5433391Z   KAOS_ISSUE_USER: santakloud
end-workflow	Finaliza el workflow	2025-01-22T17:31:02.5434073Z ##[endgroup]
end-workflow	Finaliza el workflow	2025-01-22T17:31:02.5591592Z End process
end-workflow	Complete job	2025-01-22T17:31:04.2351899Z Cleaning up orphan processes
