end-workflow	Set up job	2025-01-23T10:53:14.6854519Z Current runner version: '2.321.0'
end-workflow	Set up job	2025-01-23T10:53:14.6862870Z Runner name: 'kaos-execution-4'
end-workflow	Set up job	2025-01-23T10:53:14.6863742Z Runner group name: 'kaos-execution'
end-workflow	Set up job	2025-01-23T10:53:14.6864843Z Machine name: 'aaeee0098231'
end-workflow	Set up job	2025-01-23T10:53:14.6868124Z ##[group]GITHUB_TOKEN Permissions
end-workflow	Set up job	2025-01-23T10:53:14.6871570Z Actions: write
end-workflow	Set up job	2025-01-23T10:53:14.6872159Z Contents: write
end-workflow	Set up job	2025-01-23T10:53:14.6872667Z Issues: write
end-workflow	Set up job	2025-01-23T10:53:14.6873157Z Metadata: read
end-workflow	Set up job	2025-01-23T10:53:14.6873660Z PullRequests: write
end-workflow	Set up job	2025-01-23T10:53:14.6874184Z ##[endgroup]
end-workflow	Set up job	2025-01-23T10:53:14.6877069Z Secret source: Actions
end-workflow	Set up job	2025-01-23T10:53:14.6877852Z Prepare workflow directory
end-workflow	Set up job	2025-01-23T10:53:14.7556992Z Prepare all required actions
end-workflow	Set up job	2025-01-23T10:53:14.7636579Z Complete job name: end-workflow
end-workflow	Finaliza el workflow	2025-01-23T10:53:14.8338735Z ##[group]Run echo "End process"
end-workflow	Finaliza el workflow	2025-01-23T10:53:14.8339785Z [36;1mecho "End process"[0m
end-workflow	Finaliza el workflow	2025-01-23T10:53:14.8341213Z [36;1mgh workflow run inspector.yaml --ref refs/heads/H633-modulo-de-execution -f kaos-issue-id="" -f kaos-workflow-id="12927639944" -f kaos-user-start="$"[0m
end-workflow	Finaliza el workflow	2025-01-23T10:53:14.8365192Z shell: /usr/bin/bash -e {0}
end-workflow	Finaliza el workflow	2025-01-23T10:53:14.8366314Z env:
end-workflow	Finaliza el workflow	2025-01-23T10:53:14.8366802Z   KAOS_MODULE: [Ka0S]
end-workflow	Finaliza el workflow	2025-01-23T10:53:14.8367635Z   GH_TOKEN: ***
end-workflow	Finaliza el workflow	2025-01-23T10:53:14.8368205Z   BRANCH_NAME: refs/heads/H633-modulo-de-execution
end-workflow	Finaliza el workflow	2025-01-23T10:53:14.8368930Z   KAOS_PATH_RESUME: core/results/
end-workflow	Finaliza el workflow	2025-01-23T10:53:14.8369543Z   KAOS_PATH_OUTPUT: core/outputs/e/
end-workflow	Finaliza el workflow	2025-01-23T10:53:14.8370199Z   KAOS_REPO: /actions-runner/_work/kaos/kaos
end-workflow	Finaliza el workflow	2025-01-23T10:53:14.8370862Z   KAOS_STEP_MODULE: 
end-workflow	Finaliza el workflow	2025-01-23T10:53:14.8371371Z   KAOS_CODE: 12927639944
end-workflow	Finaliza el workflow	2025-01-23T10:53:14.8371892Z ##[endgroup]
end-workflow	Finaliza el workflow	2025-01-23T10:53:14.8554656Z End process
end-workflow	Complete job	2025-01-23T10:53:15.5416105Z Cleaning up orphan processes
