end-workflow	Set up job	2025-01-23T10:53:24.7127423Z Current runner version: '2.321.0'
end-workflow	Set up job	2025-01-23T10:53:24.7136749Z Runner name: 'kaos-execution-3'
end-workflow	Set up job	2025-01-23T10:53:24.7137730Z Runner group name: 'kaos-execution'
end-workflow	Set up job	2025-01-23T10:53:24.7138722Z Machine name: 'fd5b6b14f657'
end-workflow	Set up job	2025-01-23T10:53:24.7142298Z ##[group]GITHUB_TOKEN Permissions
end-workflow	Set up job	2025-01-23T10:53:24.7146223Z Actions: write
end-workflow	Set up job	2025-01-23T10:53:24.7146914Z Contents: write
end-workflow	Set up job	2025-01-23T10:53:24.7147385Z Issues: write
end-workflow	Set up job	2025-01-23T10:53:24.7147843Z Metadata: read
end-workflow	Set up job	2025-01-23T10:53:24.7148316Z PullRequests: write
end-workflow	Set up job	2025-01-23T10:53:24.7148791Z ##[endgroup]
end-workflow	Set up job	2025-01-23T10:53:24.7151207Z Secret source: Actions
end-workflow	Set up job	2025-01-23T10:53:24.7151935Z Prepare workflow directory
end-workflow	Set up job	2025-01-23T10:53:24.7782749Z Prepare all required actions
end-workflow	Set up job	2025-01-23T10:53:24.7843951Z Complete job name: end-workflow
end-workflow	Finaliza el workflow	2025-01-23T10:53:24.8443978Z ##[group]Run echo "End process"
end-workflow	Finaliza el workflow	2025-01-23T10:53:24.8444999Z [36;1mecho "End process"[0m
end-workflow	Finaliza el workflow	2025-01-23T10:53:24.8446706Z [36;1mgh workflow run inspector.yaml --ref refs/heads/H633-modulo-de-execution -f kaos-issue-id="" -f kaos-workflow-id="12927642279" -f kaos-user-start="$"[0m
end-workflow	Finaliza el workflow	2025-01-23T10:53:24.8473102Z shell: /usr/bin/bash -e {0}
end-workflow	Finaliza el workflow	2025-01-23T10:53:24.8474090Z env:
end-workflow	Finaliza el workflow	2025-01-23T10:53:24.8474552Z   KAOS_MODULE: [Ka0S]
end-workflow	Finaliza el workflow	2025-01-23T10:53:24.8475598Z   GH_TOKEN: ***
end-workflow	Finaliza el workflow	2025-01-23T10:53:24.8476290Z   BRANCH_NAME: refs/heads/H633-modulo-de-execution
end-workflow	Finaliza el workflow	2025-01-23T10:53:24.8477085Z   KAOS_PATH_RESUME: core/results/
end-workflow	Finaliza el workflow	2025-01-23T10:53:24.8477666Z   KAOS_PATH_OUTPUT: core/outputs/e/
end-workflow	Finaliza el workflow	2025-01-23T10:53:24.8478285Z   KAOS_REPO: /actions-runner/_work/kaos/kaos
end-workflow	Finaliza el workflow	2025-01-23T10:53:24.8478904Z   KAOS_STEP_MODULE: 
end-workflow	Finaliza el workflow	2025-01-23T10:53:24.8479384Z   KAOS_CODE: 12927642279
end-workflow	Finaliza el workflow	2025-01-23T10:53:24.8479875Z ##[endgroup]
end-workflow	Finaliza el workflow	2025-01-23T10:53:24.8649599Z End process
end-workflow	Complete job	2025-01-23T10:53:25.5068336Z Cleaning up orphan processes
