end-workflow	Set up job	2025-01-23T10:50:54.0080729Z Current runner version: '2.321.0'
end-workflow	Set up job	2025-01-23T10:50:54.0092766Z Runner name: 'kaos-execution-4'
end-workflow	Set up job	2025-01-23T10:50:54.0094821Z Runner group name: 'kaos-execution'
end-workflow	Set up job	2025-01-23T10:50:54.0097028Z Machine name: 'aaeee0098231'
end-workflow	Set up job	2025-01-23T10:50:54.0119907Z ##[group]GITHUB_TOKEN Permissions
end-workflow	Set up job	2025-01-23T10:50:54.0125849Z Actions: write
end-workflow	Set up job	2025-01-23T10:50:54.0127136Z Contents: write
end-workflow	Set up job	2025-01-23T10:50:54.0128253Z Issues: write
end-workflow	Set up job	2025-01-23T10:50:54.0129331Z Metadata: read
end-workflow	Set up job	2025-01-23T10:50:54.0130453Z PullRequests: write
end-workflow	Set up job	2025-01-23T10:50:54.0131589Z ##[endgroup]
end-workflow	Set up job	2025-01-23T10:50:54.0135618Z Secret source: Actions
end-workflow	Set up job	2025-01-23T10:50:54.0137117Z Prepare workflow directory
end-workflow	Set up job	2025-01-23T10:50:54.0857247Z Prepare all required actions
end-workflow	Set up job	2025-01-23T10:50:54.0926394Z Complete job name: end-workflow
end-workflow	Finaliza el workflow	2025-01-23T10:50:54.1617673Z ##[group]Run echo "End process"
end-workflow	Finaliza el workflow	2025-01-23T10:50:54.1622971Z [36;1mecho "End process"[0m
end-workflow	Finaliza el workflow	2025-01-23T10:50:54.1626444Z [36;1mgh workflow run inspector.yaml --ref refs/heads/H633-modulo-de-execution -f kaos-issue-id="" -f kaos-workflow-id="12927603439" -f kaos-user-start="$"[0m
end-workflow	Finaliza el workflow	2025-01-23T10:50:54.1656470Z shell: /usr/bin/bash -e {0}
end-workflow	Finaliza el workflow	2025-01-23T10:50:54.1657997Z env:
end-workflow	Finaliza el workflow	2025-01-23T10:50:54.1658815Z   KAOS_MODULE: [Ka0S]
end-workflow	Finaliza el workflow	2025-01-23T10:50:54.1660227Z   GH_TOKEN: ***
end-workflow	Finaliza el workflow	2025-01-23T10:50:54.1661252Z   BRANCH_NAME: refs/heads/H633-modulo-de-execution
end-workflow	Finaliza el workflow	2025-01-23T10:50:54.1662587Z   KAOS_PATH_RESUME: core/results/
end-workflow	Finaliza el workflow	2025-01-23T10:50:54.1663722Z   KAOS_PATH_OUTPUT: core/outputs/e/
end-workflow	Finaliza el workflow	2025-01-23T10:50:54.1664952Z   KAOS_REPO: /actions-runner/_work/kaos/kaos
end-workflow	Finaliza el workflow	2025-01-23T10:50:54.1666591Z   KAOS_STEP_MODULE: 
end-workflow	Finaliza el workflow	2025-01-23T10:50:54.1667519Z   KAOS_CODE: 12927603439
end-workflow	Finaliza el workflow	2025-01-23T10:50:54.1668479Z ##[endgroup]
end-workflow	Finaliza el workflow	2025-01-23T10:50:54.1881182Z End process
end-workflow	Complete job	2025-01-23T10:50:54.8972684Z Cleaning up orphan processes
