end-workflow	Set up job	2025-01-23T10:56:08.4652745Z Current runner version: '2.321.0'
end-workflow	Set up job	2025-01-23T10:56:08.4660848Z Runner name: 'kaos-execution-4'
end-workflow	Set up job	2025-01-23T10:56:08.4661703Z Runner group name: 'kaos-execution'
end-workflow	Set up job	2025-01-23T10:56:08.4662737Z Machine name: 'aaeee0098231'
end-workflow	Set up job	2025-01-23T10:56:08.4665888Z ##[group]GITHUB_TOKEN Permissions
end-workflow	Set up job	2025-01-23T10:56:08.4669073Z Actions: write
end-workflow	Set up job	2025-01-23T10:56:08.4669657Z Contents: write
end-workflow	Set up job	2025-01-23T10:56:08.4670165Z Issues: write
end-workflow	Set up job	2025-01-23T10:56:08.4670649Z Metadata: read
end-workflow	Set up job	2025-01-23T10:56:08.4671160Z PullRequests: write
end-workflow	Set up job	2025-01-23T10:56:08.4671687Z ##[endgroup]
end-workflow	Set up job	2025-01-23T10:56:08.4674210Z Secret source: Actions
end-workflow	Set up job	2025-01-23T10:56:08.4674984Z Prepare workflow directory
end-workflow	Set up job	2025-01-23T10:56:08.5382436Z Prepare all required actions
end-workflow	Set up job	2025-01-23T10:56:08.5452845Z Complete job name: end-workflow
end-workflow	Finaliza el workflow	2025-01-23T10:56:08.6280756Z ##[group]Run echo "End process"
end-workflow	Finaliza el workflow	2025-01-23T10:56:08.6281748Z [36;1mecho "End process"[0m
end-workflow	Finaliza el workflow	2025-01-23T10:56:08.6283205Z [36;1mgh workflow run inspector.yaml --ref refs/heads/H633-modulo-de-execution -f kaos-issue-id="" -f kaos-workflow-id="12927685588" -f kaos-user-start="$"[0m
end-workflow	Finaliza el workflow	2025-01-23T10:56:08.6326650Z shell: /usr/bin/bash -e {0}
end-workflow	Finaliza el workflow	2025-01-23T10:56:08.6327865Z env:
end-workflow	Finaliza el workflow	2025-01-23T10:56:08.6328366Z   KAOS_MODULE: [Ka0S]
end-workflow	Finaliza el workflow	2025-01-23T10:56:08.6329216Z   GH_TOKEN: ***
end-workflow	Finaliza el workflow	2025-01-23T10:56:08.6329804Z   BRANCH_NAME: refs/heads/H633-modulo-de-execution
end-workflow	Finaliza el workflow	2025-01-23T10:56:08.6330519Z   KAOS_PATH_RESUME: core/results/
end-workflow	Finaliza el workflow	2025-01-23T10:56:08.6331151Z   KAOS_PATH_OUTPUT: core/outputs/e/
end-workflow	Finaliza el workflow	2025-01-23T10:56:08.6331831Z   KAOS_REPO: /actions-runner/_work/kaos/kaos
end-workflow	Finaliza el workflow	2025-01-23T10:56:08.6332541Z   KAOS_STEP_MODULE: 
end-workflow	Finaliza el workflow	2025-01-23T10:56:08.6333083Z   KAOS_CODE: 12927685588
end-workflow	Finaliza el workflow	2025-01-23T10:56:08.6333666Z ##[endgroup]
end-workflow	Finaliza el workflow	2025-01-23T10:56:08.6643878Z End process
end-workflow	Complete job	2025-01-23T10:56:09.3035990Z Cleaning up orphan processes
