end-workflow	Set up job	2025-01-23T10:57:16.0192388Z Current runner version: '2.321.0'
end-workflow	Set up job	2025-01-23T10:57:16.0199858Z Runner name: 'kaos-execution-4'
end-workflow	Set up job	2025-01-23T10:57:16.0200689Z Runner group name: 'kaos-execution'
end-workflow	Set up job	2025-01-23T10:57:16.0201590Z Machine name: 'aaeee0098231'
end-workflow	Set up job	2025-01-23T10:57:16.0204394Z ##[group]GITHUB_TOKEN Permissions
end-workflow	Set up job	2025-01-23T10:57:16.0207131Z Actions: write
end-workflow	Set up job	2025-01-23T10:57:16.0207658Z Contents: write
end-workflow	Set up job	2025-01-23T10:57:16.0208139Z Issues: write
end-workflow	Set up job	2025-01-23T10:57:16.0208605Z Metadata: read
end-workflow	Set up job	2025-01-23T10:57:16.0209085Z PullRequests: write
end-workflow	Set up job	2025-01-23T10:57:16.0209569Z ##[endgroup]
end-workflow	Set up job	2025-01-23T10:57:16.0211582Z Secret source: Actions
end-workflow	Set up job	2025-01-23T10:57:16.0212259Z Prepare workflow directory
end-workflow	Set up job	2025-01-23T10:57:16.0743022Z Prepare all required actions
end-workflow	Set up job	2025-01-23T10:57:16.0798157Z Complete job name: end-workflow
end-workflow	Finaliza el workflow	2025-01-23T10:57:16.1343037Z ##[group]Run echo "End process"
end-workflow	Finaliza el workflow	2025-01-23T10:57:16.1343845Z [36;1mecho "End process"[0m
end-workflow	Finaliza el workflow	2025-01-23T10:57:16.1345188Z [36;1mgh workflow run inspector.yaml --ref refs/heads/H633-modulo-de-execution -f kaos-issue-id="" -f kaos-workflow-id="12927701744" -f kaos-user-start="$"[0m
end-workflow	Finaliza el workflow	2025-01-23T10:57:16.1365773Z shell: /usr/bin/bash -e {0}
end-workflow	Finaliza el workflow	2025-01-23T10:57:16.1366797Z env:
end-workflow	Finaliza el workflow	2025-01-23T10:57:16.1367373Z   KAOS_MODULE: [Ka0S]
end-workflow	Finaliza el workflow	2025-01-23T10:57:16.1368125Z   GH_TOKEN: ***
end-workflow	Finaliza el workflow	2025-01-23T10:57:16.1368665Z   BRANCH_NAME: refs/heads/H633-modulo-de-execution
end-workflow	Finaliza el workflow	2025-01-23T10:57:16.1369336Z   KAOS_PATH_RESUME: core/results/
end-workflow	Finaliza el workflow	2025-01-23T10:57:16.1369911Z   KAOS_PATH_OUTPUT: core/outputs/e/
end-workflow	Finaliza el workflow	2025-01-23T10:57:16.1370658Z   KAOS_REPO: /actions-runner/_work/kaos/kaos
end-workflow	Finaliza el workflow	2025-01-23T10:57:16.1371402Z   KAOS_STEP_MODULE: 
end-workflow	Finaliza el workflow	2025-01-23T10:57:16.1371873Z   KAOS_CODE: 12927701744
end-workflow	Finaliza el workflow	2025-01-23T10:57:16.1372358Z ##[endgroup]
end-workflow	Finaliza el workflow	2025-01-23T10:57:16.1538321Z End process
end-workflow	Complete job	2025-01-23T10:57:16.9510053Z Cleaning up orphan processes
