end-workflow	Set up job	2025-01-23T10:55:07.4266704Z Current runner version: '2.321.0'
end-workflow	Set up job	2025-01-23T10:55:07.4273718Z Runner name: 'kaos-execution-3'
end-workflow	Set up job	2025-01-23T10:55:07.4274559Z Runner group name: 'kaos-execution'
end-workflow	Set up job	2025-01-23T10:55:07.4275769Z Machine name: 'fd5b6b14f657'
end-workflow	Set up job	2025-01-23T10:55:07.4278735Z ##[group]GITHUB_TOKEN Permissions
end-workflow	Set up job	2025-01-23T10:55:07.4281056Z Actions: write
end-workflow	Set up job	2025-01-23T10:55:07.4281591Z Contents: write
end-workflow	Set up job	2025-01-23T10:55:07.4282074Z Issues: write
end-workflow	Set up job	2025-01-23T10:55:07.4282531Z Metadata: read
end-workflow	Set up job	2025-01-23T10:55:07.4283012Z PullRequests: write
end-workflow	Set up job	2025-01-23T10:55:07.4283510Z ##[endgroup]
end-workflow	Set up job	2025-01-23T10:55:07.4285710Z Secret source: Actions
end-workflow	Set up job	2025-01-23T10:55:07.4286516Z Prepare workflow directory
end-workflow	Set up job	2025-01-23T10:55:07.4844862Z Prepare all required actions
end-workflow	Set up job	2025-01-23T10:55:07.4909483Z Complete job name: end-workflow
end-workflow	Finaliza el workflow	2025-01-23T10:55:07.5513103Z ##[group]Run echo "End process"
end-workflow	Finaliza el workflow	2025-01-23T10:55:07.5514067Z [36;1mecho "End process"[0m
end-workflow	Finaliza el workflow	2025-01-23T10:55:07.5515691Z [36;1mgh workflow run inspector.yaml --ref refs/heads/H633-modulo-de-execution -f kaos-issue-id="" -f kaos-workflow-id="12927669475" -f kaos-user-start="$"[0m
end-workflow	Finaliza el workflow	2025-01-23T10:55:07.5540864Z shell: /usr/bin/bash -e {0}
end-workflow	Finaliza el workflow	2025-01-23T10:55:07.5541895Z env:
end-workflow	Finaliza el workflow	2025-01-23T10:55:07.5542373Z   KAOS_MODULE: [Ka0S]
end-workflow	Finaliza el workflow	2025-01-23T10:55:07.5543555Z   GH_TOKEN: ***
end-workflow	Finaliza el workflow	2025-01-23T10:55:07.5544184Z   BRANCH_NAME: refs/heads/H633-modulo-de-execution
end-workflow	Finaliza el workflow	2025-01-23T10:55:07.5544951Z   KAOS_PATH_RESUME: core/results/
end-workflow	Finaliza el workflow	2025-01-23T10:55:07.5545764Z   KAOS_PATH_OUTPUT: core/outputs/e/
end-workflow	Finaliza el workflow	2025-01-23T10:55:07.5546684Z   KAOS_REPO: /actions-runner/_work/kaos/kaos
end-workflow	Finaliza el workflow	2025-01-23T10:55:07.5547335Z   KAOS_STEP_MODULE: 
end-workflow	Finaliza el workflow	2025-01-23T10:55:07.5547837Z   KAOS_CODE: 12927669475
end-workflow	Finaliza el workflow	2025-01-23T10:55:07.5548357Z ##[endgroup]
end-workflow	Finaliza el workflow	2025-01-23T10:55:07.5716315Z End process
end-workflow	Complete job	2025-01-23T10:55:08.2914818Z Cleaning up orphan processes
