end-workflow	Set up job	2025-01-23T10:51:50.6387875Z Current runner version: '2.321.0'
end-workflow	Set up job	2025-01-23T10:51:50.6397899Z Runner name: 'kaos-execution-4'
end-workflow	Set up job	2025-01-23T10:51:50.6398893Z Runner group name: 'kaos-execution'
end-workflow	Set up job	2025-01-23T10:51:50.6400095Z Machine name: 'aaeee0098231'
end-workflow	Set up job	2025-01-23T10:51:50.6404238Z ##[group]GITHUB_TOKEN Permissions
end-workflow	Set up job	2025-01-23T10:51:50.6408655Z Actions: write
end-workflow	Set up job	2025-01-23T10:51:50.6409310Z Contents: write
end-workflow	Set up job	2025-01-23T10:51:50.6409822Z Issues: write
end-workflow	Set up job	2025-01-23T10:51:50.6410309Z Metadata: read
end-workflow	Set up job	2025-01-23T10:51:50.6410822Z PullRequests: write
end-workflow	Set up job	2025-01-23T10:51:50.6411346Z ##[endgroup]
end-workflow	Set up job	2025-01-23T10:51:50.6414473Z Secret source: Actions
end-workflow	Set up job	2025-01-23T10:51:50.6415456Z Prepare workflow directory
end-workflow	Set up job	2025-01-23T10:51:50.7097382Z Prepare all required actions
end-workflow	Set up job	2025-01-23T10:51:50.7161468Z Complete job name: end-workflow
end-workflow	Finaliza el workflow	2025-01-23T10:51:50.7838196Z ##[group]Run echo "End process"
end-workflow	Finaliza el workflow	2025-01-23T10:51:50.7839395Z [36;1mecho "End process"[0m
end-workflow	Finaliza el workflow	2025-01-23T10:51:50.7840928Z [36;1mgh workflow run inspector.yaml --ref refs/heads/H633-modulo-de-execution -f kaos-issue-id="" -f kaos-workflow-id="12927618084" -f kaos-user-start="$"[0m
end-workflow	Finaliza el workflow	2025-01-23T10:51:50.7866367Z shell: /usr/bin/bash -e {0}
end-workflow	Finaliza el workflow	2025-01-23T10:51:50.7867480Z env:
end-workflow	Finaliza el workflow	2025-01-23T10:51:50.7867955Z   KAOS_MODULE: [Ka0S]
end-workflow	Finaliza el workflow	2025-01-23T10:51:50.7868762Z   GH_TOKEN: ***
end-workflow	Finaliza el workflow	2025-01-23T10:51:50.7869316Z   BRANCH_NAME: refs/heads/H633-modulo-de-execution
end-workflow	Finaliza el workflow	2025-01-23T10:51:50.7869996Z   KAOS_PATH_RESUME: core/results/
end-workflow	Finaliza el workflow	2025-01-23T10:51:50.7870591Z   KAOS_PATH_OUTPUT: core/outputs/e/
end-workflow	Finaliza el workflow	2025-01-23T10:51:50.7871226Z   KAOS_REPO: /actions-runner/_work/kaos/kaos
end-workflow	Finaliza el workflow	2025-01-23T10:51:50.7872030Z   KAOS_STEP_MODULE: 
end-workflow	Finaliza el workflow	2025-01-23T10:51:50.7872665Z   KAOS_CODE: 12927618084
end-workflow	Finaliza el workflow	2025-01-23T10:51:50.7873167Z ##[endgroup]
end-workflow	Finaliza el workflow	2025-01-23T10:51:50.8162808Z End process
end-workflow	Complete job	2025-01-23T10:51:51.5647042Z Cleaning up orphan processes
