end-workflow	Set up job	2025-01-23T10:52:29.9689728Z Current runner version: '2.321.0'
end-workflow	Set up job	2025-01-23T10:52:29.9699341Z Runner name: 'kaos-execution-4'
end-workflow	Set up job	2025-01-23T10:52:29.9700367Z Runner group name: 'kaos-execution'
end-workflow	Set up job	2025-01-23T10:52:29.9701465Z Machine name: 'aaeee0098231'
end-workflow	Set up job	2025-01-23T10:52:29.9704664Z ##[group]GITHUB_TOKEN Permissions
end-workflow	Set up job	2025-01-23T10:52:29.9708355Z Actions: write
end-workflow	Set up job	2025-01-23T10:52:29.9708973Z Contents: write
end-workflow	Set up job	2025-01-23T10:52:29.9709480Z Issues: write
end-workflow	Set up job	2025-01-23T10:52:29.9709980Z Metadata: read
end-workflow	Set up job	2025-01-23T10:52:29.9710503Z PullRequests: write
end-workflow	Set up job	2025-01-23T10:52:29.9711032Z ##[endgroup]
end-workflow	Set up job	2025-01-23T10:52:29.9714237Z Secret source: Actions
end-workflow	Set up job	2025-01-23T10:52:29.9715093Z Prepare workflow directory
end-workflow	Set up job	2025-01-23T10:52:30.0267715Z Prepare all required actions
end-workflow	Set up job	2025-01-23T10:52:30.0319206Z Complete job name: end-workflow
end-workflow	Finaliza el workflow	2025-01-23T10:52:30.0888050Z ##[group]Run echo "End process"
end-workflow	Finaliza el workflow	2025-01-23T10:52:30.0888865Z [36;1mecho "End process"[0m
end-workflow	Finaliza el workflow	2025-01-23T10:52:30.0890206Z [36;1mgh workflow run inspector.yaml --ref refs/heads/H633-modulo-de-execution -f kaos-issue-id="" -f kaos-workflow-id="12927628407" -f kaos-user-start="$"[0m
end-workflow	Finaliza el workflow	2025-01-23T10:52:30.0910054Z shell: /usr/bin/bash -e {0}
end-workflow	Finaliza el workflow	2025-01-23T10:52:30.0910917Z env:
end-workflow	Finaliza el workflow	2025-01-23T10:52:30.0911377Z   KAOS_MODULE: [Ka0S]
end-workflow	Finaliza el workflow	2025-01-23T10:52:30.0912133Z   GH_TOKEN: ***
end-workflow	Finaliza el workflow	2025-01-23T10:52:30.0912676Z   BRANCH_NAME: refs/heads/H633-modulo-de-execution
end-workflow	Finaliza el workflow	2025-01-23T10:52:30.0913356Z   KAOS_PATH_RESUME: core/results/
end-workflow	Finaliza el workflow	2025-01-23T10:52:30.0913942Z   KAOS_PATH_OUTPUT: core/outputs/e/
end-workflow	Finaliza el workflow	2025-01-23T10:52:30.0914569Z   KAOS_REPO: /actions-runner/_work/kaos/kaos
end-workflow	Finaliza el workflow	2025-01-23T10:52:30.0915193Z   KAOS_STEP_MODULE: 
end-workflow	Finaliza el workflow	2025-01-23T10:52:30.0916110Z   KAOS_CODE: 12927628407
end-workflow	Finaliza el workflow	2025-01-23T10:52:30.0916608Z ##[endgroup]
end-workflow	Finaliza el workflow	2025-01-23T10:52:30.1074267Z End process
end-workflow	Complete job	2025-01-23T10:52:30.7507572Z Cleaning up orphan processes
