end-workflow	Set up job	2025-01-23T10:49:36.5620135Z Current runner version: '2.321.0'
end-workflow	Set up job	2025-01-23T10:49:36.5631878Z Runner name: 'kaos-execution-4'
end-workflow	Set up job	2025-01-23T10:49:36.5632910Z Runner group name: 'kaos-execution'
end-workflow	Set up job	2025-01-23T10:49:36.5634703Z Machine name: 'aaeee0098231'
end-workflow	Set up job	2025-01-23T10:49:36.5638918Z ##[group]GITHUB_TOKEN Permissions
end-workflow	Set up job	2025-01-23T10:49:36.5643762Z Actions: write
end-workflow	Set up job	2025-01-23T10:49:36.5644429Z Contents: write
end-workflow	Set up job	2025-01-23T10:49:36.5644986Z Issues: write
end-workflow	Set up job	2025-01-23T10:49:36.5647578Z Metadata: read
end-workflow	Set up job	2025-01-23T10:49:36.5648156Z PullRequests: write
end-workflow	Set up job	2025-01-23T10:49:36.5648676Z ##[endgroup]
end-workflow	Set up job	2025-01-23T10:49:36.5652681Z Secret source: Actions
end-workflow	Set up job	2025-01-23T10:49:36.5653765Z Prepare workflow directory
end-workflow	Set up job	2025-01-23T10:49:36.6496343Z Prepare all required actions
end-workflow	Set up job	2025-01-23T10:49:36.6571952Z Complete job name: end-workflow
end-workflow	Finaliza el workflow	2025-01-23T10:49:36.8917568Z ##[group]Run echo "End process"
end-workflow	Finaliza el workflow	2025-01-23T10:49:36.8919419Z [36;1mecho "End process"[0m
end-workflow	Finaliza el workflow	2025-01-23T10:49:36.8920933Z [36;1mgh workflow run inspector.yaml --ref refs/heads/H633-modulo-de-execution -f kaos-issue-id="" -f kaos-workflow-id="12927581715" -f kaos-user-start="$"[0m
end-workflow	Finaliza el workflow	2025-01-23T10:49:36.9018254Z shell: /usr/bin/bash -e {0}
end-workflow	Finaliza el workflow	2025-01-23T10:49:36.9098929Z env:
end-workflow	Finaliza el workflow	2025-01-23T10:49:36.9099612Z   KAOS_MODULE: [Ka0S]
end-workflow	Finaliza el workflow	2025-01-23T10:49:36.9100466Z   GH_TOKEN: ***
end-workflow	Finaliza el workflow	2025-01-23T10:49:36.9101040Z   BRANCH_NAME: refs/heads/H633-modulo-de-execution
end-workflow	Finaliza el workflow	2025-01-23T10:49:36.9101753Z   KAOS_PATH_RESUME: core/results/
end-workflow	Finaliza el workflow	2025-01-23T10:49:36.9102379Z   KAOS_PATH_OUTPUT: core/outputs/e/
end-workflow	Finaliza el workflow	2025-01-23T10:49:36.9103049Z   KAOS_REPO: /actions-runner/_work/kaos/kaos
end-workflow	Finaliza el workflow	2025-01-23T10:49:36.9103720Z   KAOS_STEP_MODULE: 
end-workflow	Finaliza el workflow	2025-01-23T10:49:36.9104246Z   KAOS_CODE: 12927581715
end-workflow	Finaliza el workflow	2025-01-23T10:49:36.9104792Z ##[endgroup]
end-workflow	Finaliza el workflow	2025-01-23T10:49:36.9817365Z End process
end-workflow	Complete job	2025-01-23T10:49:37.8317431Z Cleaning up orphan processes
