end-workflow	Set up job	2025-01-23T10:49:19.4301515Z Current runner version: '2.321.0'
end-workflow	Set up job	2025-01-23T10:49:19.4344658Z Runner name: 'kaos-execution-4'
end-workflow	Set up job	2025-01-23T10:49:19.4360472Z Runner group name: 'kaos-execution'
end-workflow	Set up job	2025-01-23T10:49:19.4362080Z Machine name: 'aaeee0098231'
end-workflow	Set up job	2025-01-23T10:49:19.4365933Z ##[group]GITHUB_TOKEN Permissions
end-workflow	Set up job	2025-01-23T10:49:19.4370489Z Actions: write
end-workflow	Set up job	2025-01-23T10:49:19.4371210Z Contents: write
end-workflow	Set up job	2025-01-23T10:49:19.4371747Z Issues: write
end-workflow	Set up job	2025-01-23T10:49:19.4372304Z Metadata: read
end-workflow	Set up job	2025-01-23T10:49:19.4372870Z PullRequests: write
end-workflow	Set up job	2025-01-23T10:49:19.4373439Z ##[endgroup]
end-workflow	Set up job	2025-01-23T10:49:19.4377626Z Secret source: Actions
end-workflow	Set up job	2025-01-23T10:49:19.4378599Z Prepare workflow directory
end-workflow	Set up job	2025-01-23T10:49:19.5662168Z Prepare all required actions
end-workflow	Set up job	2025-01-23T10:49:19.5737322Z Complete job name: end-workflow
end-workflow	Finaliza el workflow	2025-01-23T10:49:19.8351315Z ##[group]Run echo "End process"
end-workflow	Finaliza el workflow	2025-01-23T10:49:19.8353334Z [36;1mecho "End process"[0m
end-workflow	Finaliza el workflow	2025-01-23T10:49:19.8354857Z [36;1mgh workflow run inspector.yaml --ref refs/heads/H633-modulo-de-execution -f kaos-issue-id="" -f kaos-workflow-id="12927577540" -f kaos-user-start="$"[0m
end-workflow	Finaliza el workflow	2025-01-23T10:49:19.8428195Z shell: /usr/bin/bash -e {0}
end-workflow	Finaliza el workflow	2025-01-23T10:49:19.8429393Z env:
end-workflow	Finaliza el workflow	2025-01-23T10:49:19.8429910Z   KAOS_MODULE: [Ka0S]
end-workflow	Finaliza el workflow	2025-01-23T10:49:19.8430819Z   GH_TOKEN: ***
end-workflow	Finaliza el workflow	2025-01-23T10:49:19.8431432Z   BRANCH_NAME: refs/heads/H633-modulo-de-execution
end-workflow	Finaliza el workflow	2025-01-23T10:49:19.8432183Z   KAOS_PATH_RESUME: core/results/
end-workflow	Finaliza el workflow	2025-01-23T10:49:19.8432831Z   KAOS_PATH_OUTPUT: core/outputs/e/
end-workflow	Finaliza el workflow	2025-01-23T10:49:19.8433510Z   KAOS_REPO: /actions-runner/_work/kaos/kaos
end-workflow	Finaliza el workflow	2025-01-23T10:49:19.8434267Z   KAOS_STEP_MODULE: 
end-workflow	Finaliza el workflow	2025-01-23T10:49:19.8434879Z   KAOS_CODE: 12927577540
end-workflow	Finaliza el workflow	2025-01-23T10:49:19.8435686Z ##[endgroup]
end-workflow	Finaliza el workflow	2025-01-23T10:49:19.9411804Z End process
end-workflow	Complete job	2025-01-23T10:49:20.7476965Z Cleaning up orphan processes
