end-workflow	Set up job	2025-01-23T10:51:06.0524799Z Current runner version: '2.321.0'
end-workflow	Set up job	2025-01-23T10:51:06.0535617Z Runner name: 'kaos-execution-4'
end-workflow	Set up job	2025-01-23T10:51:06.0536815Z Runner group name: 'kaos-execution'
end-workflow	Set up job	2025-01-23T10:51:06.0537994Z Machine name: 'aaeee0098231'
end-workflow	Set up job	2025-01-23T10:51:06.0541332Z ##[group]GITHUB_TOKEN Permissions
end-workflow	Set up job	2025-01-23T10:51:06.0544645Z Actions: write
end-workflow	Set up job	2025-01-23T10:51:06.0545204Z Contents: write
end-workflow	Set up job	2025-01-23T10:51:06.0546054Z Issues: write
end-workflow	Set up job	2025-01-23T10:51:06.0546649Z Metadata: read
end-workflow	Set up job	2025-01-23T10:51:06.0547123Z PullRequests: write
end-workflow	Set up job	2025-01-23T10:51:06.0547612Z ##[endgroup]
end-workflow	Set up job	2025-01-23T10:51:06.0550069Z Secret source: Actions
end-workflow	Set up job	2025-01-23T10:51:06.0550786Z Prepare workflow directory
end-workflow	Set up job	2025-01-23T10:51:06.1198400Z Prepare all required actions
end-workflow	Set up job	2025-01-23T10:51:06.1268044Z Complete job name: end-workflow
end-workflow	Finaliza el workflow	2025-01-23T10:51:06.1979896Z ##[group]Run echo "End process"
end-workflow	Finaliza el workflow	2025-01-23T10:51:06.1981236Z [36;1mecho "End process"[0m
end-workflow	Finaliza el workflow	2025-01-23T10:51:06.1982746Z [36;1mgh workflow run inspector.yaml --ref refs/heads/H633-modulo-de-execution -f kaos-issue-id="" -f kaos-workflow-id="12927606472" -f kaos-user-start="$"[0m
end-workflow	Finaliza el workflow	2025-01-23T10:51:06.2008788Z shell: /usr/bin/bash -e {0}
end-workflow	Finaliza el workflow	2025-01-23T10:51:06.2009856Z env:
end-workflow	Finaliza el workflow	2025-01-23T10:51:06.2010337Z   KAOS_MODULE: [Ka0S]
end-workflow	Finaliza el workflow	2025-01-23T10:51:06.2011184Z   GH_TOKEN: ***
end-workflow	Finaliza el workflow	2025-01-23T10:51:06.2011772Z   BRANCH_NAME: refs/heads/H633-modulo-de-execution
end-workflow	Finaliza el workflow	2025-01-23T10:51:06.2012628Z   KAOS_PATH_RESUME: core/results/
end-workflow	Finaliza el workflow	2025-01-23T10:51:06.2013290Z   KAOS_PATH_OUTPUT: core/outputs/e/
end-workflow	Finaliza el workflow	2025-01-23T10:51:06.2014023Z   KAOS_REPO: /actions-runner/_work/kaos/kaos
end-workflow	Finaliza el workflow	2025-01-23T10:51:06.2014736Z   KAOS_STEP_MODULE: 
end-workflow	Finaliza el workflow	2025-01-23T10:51:06.2015385Z   KAOS_CODE: 12927606472
end-workflow	Finaliza el workflow	2025-01-23T10:51:06.2015947Z ##[endgroup]
end-workflow	Finaliza el workflow	2025-01-23T10:51:06.2407076Z End process
end-workflow	Complete job	2025-01-23T10:51:07.0401486Z Cleaning up orphan processes
