end-workflow	Set up job	2025-01-23T11:10:53.7165524Z Current runner version: '2.321.0'
end-workflow	Set up job	2025-01-23T11:10:53.7174184Z Runner name: 'kaos-execution-3'
end-workflow	Set up job	2025-01-23T11:10:53.7175001Z Runner group name: 'kaos-execution'
end-workflow	Set up job	2025-01-23T11:10:53.7176225Z Machine name: 'fd5b6b14f657'
end-workflow	Set up job	2025-01-23T11:10:53.7179324Z ##[group]GITHUB_TOKEN Permissions
end-workflow	Set up job	2025-01-23T11:10:53.7182105Z Actions: write
end-workflow	Set up job	2025-01-23T11:10:53.7182649Z Contents: write
end-workflow	Set up job	2025-01-23T11:10:53.7183122Z Issues: write
end-workflow	Set up job	2025-01-23T11:10:53.7183582Z Metadata: read
end-workflow	Set up job	2025-01-23T11:10:53.7184063Z PullRequests: write
end-workflow	Set up job	2025-01-23T11:10:53.7184549Z ##[endgroup]
end-workflow	Set up job	2025-01-23T11:10:53.7187622Z Secret source: Actions
end-workflow	Set up job	2025-01-23T11:10:53.7188495Z Prepare workflow directory
end-workflow	Set up job	2025-01-23T11:10:53.7771539Z Prepare all required actions
end-workflow	Set up job	2025-01-23T11:10:53.7834369Z Complete job name: end-workflow
end-workflow	Finaliza el workflow	2025-01-23T11:10:53.8392199Z ##[group]Run echo "End process"
end-workflow	Finaliza el workflow	2025-01-23T11:10:53.8393052Z [36;1mecho "End process"[0m
end-workflow	Finaliza el workflow	2025-01-23T11:10:53.8394433Z [36;1mgh workflow run inspector.yaml --ref refs/heads/main -f kaos-issue-id="$KAOS_ISSUE_NUMBER" -f kaos-workflow-id="12927932598" -f kaos-user-start="santakloud"[0m
end-workflow	Finaliza el workflow	2025-01-23T11:10:53.8414481Z shell: /usr/bin/bash -e {0}
end-workflow	Finaliza el workflow	2025-01-23T11:10:53.8415430Z env:
end-workflow	Finaliza el workflow	2025-01-23T11:10:53.8416086Z   KAOS_MODULE: [Ka0S] Execution
end-workflow	Finaliza el workflow	2025-01-23T11:10:53.8417040Z   GH_TOKEN: ***
end-workflow	Finaliza el workflow	2025-01-23T11:10:53.8417521Z   BRANCH_NAME: refs/heads/main
end-workflow	Finaliza el workflow	2025-01-23T11:10:53.8418277Z   KAOS_AUTOMATION_COMPLIANCE: compliance/automations/automations.json
end-workflow	Finaliza el workflow	2025-01-23T11:10:53.8419099Z   KAOS_PATH_RESUME: core/results/
end-workflow	Finaliza el workflow	2025-01-23T11:10:53.8419684Z   KAOS_PATH_OUTPUT: core/outputs/e/
end-workflow	Finaliza el workflow	2025-01-23T11:10:53.8420320Z   KAOS_REPO: /actions-runner/_work/kaos/kaos
end-workflow	Finaliza el workflow	2025-01-23T11:10:53.8420938Z   KAOS_STEP_MODULE: 
end-workflow	Finaliza el workflow	2025-01-23T11:10:53.8421416Z   KAOS_CODE: 12927932598
end-workflow	Finaliza el workflow	2025-01-23T11:10:53.8421925Z   KAOS_ISSUE_NUMBER: 817
end-workflow	Finaliza el workflow	2025-01-23T11:10:53.8422600Z   KAOS_ISSUE_TITLE: [Ka0S] INIT Module failed in 12927923159
end-workflow	Finaliza el workflow	2025-01-23T11:10:53.8427646Z   KAOS_ISSUE_BODY: An error occurred in the execution Action workflow RunID: **12927923159**.
end-workflow	Finaliza el workflow	Initiated by #santakloud from issue number #633
end-workflow	Finaliza el workflow	**[Ka0S] INIT  Message:**
end-workflow	Finaliza el workflow	El error ha sido en : 12927923159
end-workflow	Finaliza el workflow	ejecute este comando en su consola y podrá consultar el fallo del trabajo
end-workflow	Finaliza el workflow	gh run view 12927923159 --log-failed
end-workflow	Finaliza el workflow	```
end-workflow	Finaliza el workflow	**Please check the job logs for https://github.com/SantaKa0S/kaos/actions/runs/12927923159**
end-workflow	Finaliza el workflow	```
end-workflow	Finaliza el workflow	**Requested By:** santakloud
end-workflow	Finaliza el workflow	**Workflow Name:** Ka0s Init
end-workflow	Finaliza el workflow	**Job Name:** handle_failure
end-workflow	Finaliza el workflow	**Run ID:** 12927923159
end-workflow	Finaliza el workflow	**Run Number:** 602
end-workflow	Finaliza el workflow	**Repository:** SantaKa0S/kaos
end-workflow	Finaliza el workflow	**Branch:** refs/heads/H633-modulo-de-execution
end-workflow	Finaliza el workflow	**Files:** core/results/files-in-commit-.txt
end-workflow	Finaliza el workflow	Please investigate the issue.
end-workflow	Finaliza el workflow	2025-01-23T11:10:53.8432360Z   KAOS_ISSUE_USER: santakloud
end-workflow	Finaliza el workflow	2025-01-23T11:10:53.8433031Z ##[endgroup]
end-workflow	Finaliza el workflow	2025-01-23T11:10:53.8592996Z End process
end-workflow	Complete job	2025-01-23T11:10:54.5336137Z Cleaning up orphan processes
