end-workflow	Set up job	2025-01-23T10:56:39.8311000Z Current runner version: '2.321.0'
end-workflow	Set up job	2025-01-23T10:56:39.8318330Z Runner name: 'kaos-execution-3'
end-workflow	Set up job	2025-01-23T10:56:39.8319204Z Runner group name: 'kaos-execution'
end-workflow	Set up job	2025-01-23T10:56:39.8320152Z Machine name: 'fd5b6b14f657'
end-workflow	Set up job	2025-01-23T10:56:39.8323036Z ##[group]GITHUB_TOKEN Permissions
end-workflow	Set up job	2025-01-23T10:56:39.8325961Z Actions: write
end-workflow	Set up job	2025-01-23T10:56:39.8326501Z Contents: write
end-workflow	Set up job	2025-01-23T10:56:39.8326999Z Issues: write
end-workflow	Set up job	2025-01-23T10:56:39.8327480Z Metadata: read
end-workflow	Set up job	2025-01-23T10:56:39.8327977Z PullRequests: write
end-workflow	Set up job	2025-01-23T10:56:39.8328489Z ##[endgroup]
end-workflow	Set up job	2025-01-23T10:56:39.8330914Z Secret source: Actions
end-workflow	Set up job	2025-01-23T10:56:39.8331866Z Prepare workflow directory
end-workflow	Set up job	2025-01-23T10:56:39.8867851Z Prepare all required actions
end-workflow	Set up job	2025-01-23T10:56:39.8931194Z Complete job name: end-workflow
end-workflow	Finaliza el workflow	2025-01-23T10:56:39.9590093Z ##[group]Run echo "End process"
end-workflow	Finaliza el workflow	2025-01-23T10:56:39.9591084Z [36;1mecho "End process"[0m
end-workflow	Finaliza el workflow	2025-01-23T10:56:39.9592479Z [36;1mgh workflow run inspector.yaml --ref refs/heads/H633-modulo-de-execution -f kaos-issue-id="" -f kaos-workflow-id="12927692789" -f kaos-user-start="$"[0m
end-workflow	Finaliza el workflow	2025-01-23T10:56:39.9614598Z shell: /usr/bin/bash -e {0}
end-workflow	Finaliza el workflow	2025-01-23T10:56:39.9616020Z env:
end-workflow	Finaliza el workflow	2025-01-23T10:56:39.9616527Z   KAOS_MODULE: [Ka0S]
end-workflow	Finaliza el workflow	2025-01-23T10:56:39.9617493Z   GH_TOKEN: ***
end-workflow	Finaliza el workflow	2025-01-23T10:56:39.9618070Z   BRANCH_NAME: refs/heads/H633-modulo-de-execution
end-workflow	Finaliza el workflow	2025-01-23T10:56:39.9618935Z   KAOS_PATH_RESUME: core/results/
end-workflow	Finaliza el workflow	2025-01-23T10:56:39.9619574Z   KAOS_PATH_OUTPUT: core/outputs/e/
end-workflow	Finaliza el workflow	2025-01-23T10:56:39.9620250Z   KAOS_REPO: /actions-runner/_work/kaos/kaos
end-workflow	Finaliza el workflow	2025-01-23T10:56:39.9620930Z   KAOS_STEP_MODULE: 
end-workflow	Finaliza el workflow	2025-01-23T10:56:39.9621459Z   KAOS_CODE: 12927692789
end-workflow	Finaliza el workflow	2025-01-23T10:56:39.9622005Z ##[endgroup]
end-workflow	Finaliza el workflow	2025-01-23T10:56:39.9806862Z End process
end-workflow	Complete job	2025-01-23T10:56:40.7248240Z Cleaning up orphan processes
