end-workflow	Set up job	2025-01-23T10:58:24.5438614Z Current runner version: '2.321.0'
end-workflow	Set up job	2025-01-23T10:58:24.5446910Z Runner name: 'kaos-execution-4'
end-workflow	Set up job	2025-01-23T10:58:24.5447828Z Runner group name: 'kaos-execution'
end-workflow	Set up job	2025-01-23T10:58:24.5448800Z Machine name: 'aaeee0098231'
end-workflow	Set up job	2025-01-23T10:58:24.5452451Z ##[group]GITHUB_TOKEN Permissions
end-workflow	Set up job	2025-01-23T10:58:24.5455203Z Actions: write
end-workflow	Set up job	2025-01-23T10:58:24.5456247Z Contents: write
end-workflow	Set up job	2025-01-23T10:58:24.5456738Z Issues: write
end-workflow	Set up job	2025-01-23T10:58:24.5457323Z Metadata: read
end-workflow	Set up job	2025-01-23T10:58:24.5457797Z PullRequests: write
end-workflow	Set up job	2025-01-23T10:58:24.5458274Z ##[endgroup]
end-workflow	Set up job	2025-01-23T10:58:24.5460453Z Secret source: Actions
end-workflow	Set up job	2025-01-23T10:58:24.5461142Z Prepare workflow directory
end-workflow	Set up job	2025-01-23T10:58:24.5974531Z Prepare all required actions
end-workflow	Set up job	2025-01-23T10:58:24.6026261Z Complete job name: end-workflow
end-workflow	Finaliza el workflow	2025-01-23T10:58:24.6554880Z ##[group]Run echo "End process"
end-workflow	Finaliza el workflow	2025-01-23T10:58:24.6556045Z [36;1mecho "End process"[0m
end-workflow	Finaliza el workflow	2025-01-23T10:58:24.6557396Z [36;1mgh workflow run inspector.yaml --ref refs/heads/H633-modulo-de-execution -f kaos-issue-id="" -f kaos-workflow-id="12927718760" -f kaos-user-start="$"[0m
end-workflow	Finaliza el workflow	2025-01-23T10:58:24.6579420Z shell: /usr/bin/bash -e {0}
end-workflow	Finaliza el workflow	2025-01-23T10:58:24.6580308Z env:
end-workflow	Finaliza el workflow	2025-01-23T10:58:24.6580756Z   KAOS_MODULE: [Ka0S]
end-workflow	Finaliza el workflow	2025-01-23T10:58:24.6581503Z   GH_TOKEN: ***
end-workflow	Finaliza el workflow	2025-01-23T10:58:24.6582032Z   BRANCH_NAME: refs/heads/H633-modulo-de-execution
end-workflow	Finaliza el workflow	2025-01-23T10:58:24.6582691Z   KAOS_PATH_RESUME: core/results/
end-workflow	Finaliza el workflow	2025-01-23T10:58:24.6583261Z   KAOS_PATH_OUTPUT: core/outputs/e/
end-workflow	Finaliza el workflow	2025-01-23T10:58:24.6583862Z   KAOS_REPO: /actions-runner/_work/kaos/kaos
end-workflow	Finaliza el workflow	2025-01-23T10:58:24.6584470Z   KAOS_STEP_MODULE: 
end-workflow	Finaliza el workflow	2025-01-23T10:58:24.6584940Z   KAOS_CODE: 12927718760
end-workflow	Finaliza el workflow	2025-01-23T10:58:24.6585803Z ##[endgroup]
end-workflow	Finaliza el workflow	2025-01-23T10:58:24.6745469Z End process
end-workflow	Complete job	2025-01-23T10:58:25.3372862Z Cleaning up orphan processes
