end-workflow	Set up job	2025-01-23T10:48:51.8166383Z Current runner version: '2.321.0'
end-workflow	Set up job	2025-01-23T10:48:51.8175397Z Runner name: 'kaos-execution-4'
end-workflow	Set up job	2025-01-23T10:48:51.8176527Z Runner group name: 'kaos-execution'
end-workflow	Set up job	2025-01-23T10:48:51.8177576Z Machine name: 'aaeee0098231'
end-workflow	Set up job	2025-01-23T10:48:51.8180722Z ##[group]GITHUB_TOKEN Permissions
end-workflow	Set up job	2025-01-23T10:48:51.8184115Z Actions: write
end-workflow	Set up job	2025-01-23T10:48:51.8184698Z Contents: write
end-workflow	Set up job	2025-01-23T10:48:51.8185190Z Issues: write
end-workflow	Set up job	2025-01-23T10:48:51.8186208Z Metadata: read
end-workflow	Set up job	2025-01-23T10:48:51.8186848Z PullRequests: write
end-workflow	Set up job	2025-01-23T10:48:51.8187344Z ##[endgroup]
end-workflow	Set up job	2025-01-23T10:48:51.8194581Z Secret source: Actions
end-workflow	Set up job	2025-01-23T10:48:51.8195720Z Prepare workflow directory
end-workflow	Set up job	2025-01-23T10:48:51.9189498Z Prepare all required actions
end-workflow	Set up job	2025-01-23T10:48:51.9260313Z Complete job name: end-workflow
end-workflow	Finaliza el workflow	2025-01-23T10:48:52.0015955Z ##[group]Run echo "End process"
end-workflow	Finaliza el workflow	2025-01-23T10:48:52.0017218Z [36;1mecho "End process"[0m
end-workflow	Finaliza el workflow	2025-01-23T10:48:52.0018751Z [36;1mgh workflow run inspector.yaml --ref refs/heads/H633-modulo-de-execution -f kaos-issue-id="" -f kaos-workflow-id="12927568970" -f kaos-user-start="$"[0m
end-workflow	Finaliza el workflow	2025-01-23T10:48:52.0044695Z shell: /usr/bin/bash -e {0}
end-workflow	Finaliza el workflow	2025-01-23T10:48:52.0045884Z env:
end-workflow	Finaliza el workflow	2025-01-23T10:48:52.0046482Z   KAOS_MODULE: [Ka0S]
end-workflow	Finaliza el workflow	2025-01-23T10:48:52.0047566Z   GH_TOKEN: ***
end-workflow	Finaliza el workflow	2025-01-23T10:48:52.0048259Z   BRANCH_NAME: refs/heads/H633-modulo-de-execution
end-workflow	Finaliza el workflow	2025-01-23T10:48:52.0049112Z   KAOS_PATH_RESUME: core/results/
end-workflow	Finaliza el workflow	2025-01-23T10:48:52.0049844Z   KAOS_PATH_OUTPUT: core/outputs/e/
end-workflow	Finaliza el workflow	2025-01-23T10:48:52.0050484Z   KAOS_REPO: /actions-runner/_work/kaos/kaos
end-workflow	Finaliza el workflow	2025-01-23T10:48:52.0051127Z   KAOS_STEP_MODULE: 
end-workflow	Finaliza el workflow	2025-01-23T10:48:52.0051627Z   KAOS_CODE: 12927568970
end-workflow	Finaliza el workflow	2025-01-23T10:48:52.0052147Z ##[endgroup]
end-workflow	Finaliza el workflow	2025-01-23T10:48:52.0282012Z End process
end-workflow	Complete job	2025-01-23T10:48:52.7034102Z Cleaning up orphan processes
