end-workflow	Set up job	2025-01-23T11:22:34.6790872Z Current runner version: '2.321.0'
end-workflow	Set up job	2025-01-23T11:22:34.6799016Z Runner name: 'kaos-execution-4'
end-workflow	Set up job	2025-01-23T11:22:34.6799980Z Runner group name: 'kaos-execution'
end-workflow	Set up job	2025-01-23T11:22:34.6801081Z Machine name: 'aaeee0098231'
end-workflow	Set up job	2025-01-23T11:22:34.6804064Z ##[group]GITHUB_TOKEN Permissions
end-workflow	Set up job	2025-01-23T11:22:34.6807595Z Actions: write
end-workflow	Set up job	2025-01-23T11:22:34.6808124Z Contents: write
end-workflow	Set up job	2025-01-23T11:22:34.6808598Z Issues: write
end-workflow	Set up job	2025-01-23T11:22:34.6809060Z Metadata: read
end-workflow	Set up job	2025-01-23T11:22:34.6809536Z PullRequests: write
end-workflow	Set up job	2025-01-23T11:22:34.6810024Z ##[endgroup]
end-workflow	Set up job	2025-01-23T11:22:34.6812631Z Secret source: Actions
end-workflow	Set up job	2025-01-23T11:22:34.6813341Z Prepare workflow directory
end-workflow	Set up job	2025-01-23T11:22:34.7423536Z Prepare all required actions
end-workflow	Set up job	2025-01-23T11:22:34.7495088Z Complete job name: end-workflow
end-workflow	Finaliza el workflow	2025-01-23T11:22:34.8079812Z ##[group]Run echo "End process"
end-workflow	Finaliza el workflow	2025-01-23T11:22:34.8080897Z [36;1mecho "End process"[0m
end-workflow	Finaliza el workflow	2025-01-23T11:22:34.8082460Z [36;1mgh workflow run inspector.yaml --ref refs/heads/main -f kaos-issue-id="$KAOS_ISSUE_NUMBER" -f kaos-workflow-id="12928128873" -f kaos-user-start="santakloud"[0m
end-workflow	Finaliza el workflow	2025-01-23T11:22:34.8105964Z shell: /usr/bin/bash -e {0}
end-workflow	Finaliza el workflow	2025-01-23T11:22:34.8106951Z env:
end-workflow	Finaliza el workflow	2025-01-23T11:22:34.8107452Z   KAOS_MODULE: [Ka0S] Execution
end-workflow	Finaliza el workflow	2025-01-23T11:22:34.8108594Z   GH_TOKEN: ***
end-workflow	Finaliza el workflow	2025-01-23T11:22:34.8109115Z   BRANCH_NAME: refs/heads/main
end-workflow	Finaliza el workflow	2025-01-23T11:22:34.8109916Z   KAOS_AUTOMATION_COMPLIANCE: compliance/automations/automations.json
end-workflow	Finaliza el workflow	2025-01-23T11:22:34.8110784Z   KAOS_PATH_RESUME: core/results/
end-workflow	Finaliza el workflow	2025-01-23T11:22:34.8111413Z   KAOS_PATH_OUTPUT: core/outputs/e/
end-workflow	Finaliza el workflow	2025-01-23T11:22:34.8112087Z   KAOS_REPO: /actions-runner/_work/kaos/kaos
end-workflow	Finaliza el workflow	2025-01-23T11:22:34.8112758Z   KAOS_STEP_MODULE: 
end-workflow	Finaliza el workflow	2025-01-23T11:22:34.8113278Z   KAOS_CODE: 12928128873
end-workflow	Finaliza el workflow	2025-01-23T11:22:34.8113846Z   KAOS_ISSUE_NUMBER: 819
end-workflow	Finaliza el workflow	2025-01-23T11:22:34.8114618Z   KAOS_ISSUE_TITLE: [Ka0S] INIT Module failed in 12928119672
end-workflow	Finaliza el workflow	2025-01-23T11:22:34.8119730Z   KAOS_ISSUE_BODY: An error occurred in the execution Action workflow RunID: **12928119672**.
end-workflow	Finaliza el workflow	Initiated by #santakloud from issue number #633
end-workflow	Finaliza el workflow	**[Ka0S] INIT  Message:**
end-workflow	Finaliza el workflow	El error ha sido en : 12928119672
end-workflow	Finaliza el workflow	ejecute este comando en su consola y podrá consultar el fallo del trabajo
end-workflow	Finaliza el workflow	gh run view 12928119672 --log-failed
end-workflow	Finaliza el workflow	```
end-workflow	Finaliza el workflow	**Please check the job logs for https://github.com/SantaKa0S/kaos/actions/runs/12928119672**
end-workflow	Finaliza el workflow	```
end-workflow	Finaliza el workflow	**Requested By:** santakloud
end-workflow	Finaliza el workflow	**Workflow Name:** Ka0s Init
end-workflow	Finaliza el workflow	**Job Name:** handle_failure
end-workflow	Finaliza el workflow	**Run ID:** 12928119672
end-workflow	Finaliza el workflow	**Run Number:** 605
end-workflow	Finaliza el workflow	**Repository:** SantaKa0S/kaos
end-workflow	Finaliza el workflow	**Branch:** refs/heads/H633-modulo-de-execution
end-workflow	Finaliza el workflow	**Files:** core/results/files-in-commit-.txt
end-workflow	Finaliza el workflow	Please investigate the issue.
end-workflow	Finaliza el workflow	2025-01-23T11:22:34.8124822Z   KAOS_ISSUE_USER: santakloud
end-workflow	Finaliza el workflow	2025-01-23T11:22:34.8125764Z ##[endgroup]
end-workflow	Finaliza el workflow	2025-01-23T11:22:34.8370240Z End process
end-workflow	Complete job	2025-01-23T11:22:35.4896803Z Cleaning up orphan processes
