end-workflow	Set up job	2025-01-23T15:43:24.6841271Z Current runner version: '2.321.0'
end-workflow	Set up job	2025-01-23T15:43:24.6850090Z Runner name: 'kaos-execution-3'
end-workflow	Set up job	2025-01-23T15:43:24.6850915Z Runner group name: 'kaos-execution'
end-workflow	Set up job	2025-01-23T15:43:24.6851859Z Machine name: 'fd5b6b14f657'
end-workflow	Set up job	2025-01-23T15:43:24.6854739Z ##[group]GITHUB_TOKEN Permissions
end-workflow	Set up job	2025-01-23T15:43:24.6858311Z Actions: write
end-workflow	Set up job	2025-01-23T15:43:24.6858909Z Contents: write
end-workflow	Set up job	2025-01-23T15:43:24.6859411Z Issues: write
end-workflow	Set up job	2025-01-23T15:43:24.6859891Z Metadata: read
end-workflow	Set up job	2025-01-23T15:43:24.6860390Z PullRequests: write
end-workflow	Set up job	2025-01-23T15:43:24.6860928Z ##[endgroup]
end-workflow	Set up job	2025-01-23T15:43:24.6863913Z Secret source: Actions
end-workflow	Set up job	2025-01-23T15:43:24.6864936Z Prepare workflow directory
end-workflow	Set up job	2025-01-23T15:43:24.7530978Z Prepare all required actions
end-workflow	Set up job	2025-01-23T15:43:24.7594305Z Complete job name: end-workflow
end-workflow	Finaliza el workflow	2025-01-23T15:43:24.8166450Z ##[group]Run echo "End process"
end-workflow	Finaliza el workflow	2025-01-23T15:43:24.8167263Z [36;1mecho "End process"[0m
end-workflow	Finaliza el workflow	2025-01-23T15:43:24.8168644Z [36;1mgh workflow run inspector.yaml --ref refs/heads/main -f kaos-issue-id="$KAOS_ISSUE_NUMBER" -f kaos-workflow-id="12932789860" -f kaos-user-start="santakloud"[0m
end-workflow	Finaliza el workflow	2025-01-23T15:43:24.8188218Z shell: /usr/bin/bash -e {0}
end-workflow	Finaliza el workflow	2025-01-23T15:43:24.8189113Z env:
end-workflow	Finaliza el workflow	2025-01-23T15:43:24.8189588Z   KAOS_MODULE: [Ka0S] Execution
end-workflow	Finaliza el workflow	2025-01-23T15:43:24.8190404Z   GH_TOKEN: ***
end-workflow	Finaliza el workflow	2025-01-23T15:43:24.8190895Z   BRANCH_NAME: refs/heads/main
end-workflow	Finaliza el workflow	2025-01-23T15:43:24.8191649Z   KAOS_AUTOMATION_COMPLIANCE: compliance/automations/automations.json
end-workflow	Finaliza el workflow	2025-01-23T15:43:24.8192473Z   KAOS_PATH_RESUME: core/results/
end-workflow	Finaliza el workflow	2025-01-23T15:43:24.8193066Z   KAOS_PATH_OUTPUT: core/outputs/e/
end-workflow	Finaliza el workflow	2025-01-23T15:43:24.8193708Z   KAOS_REPO: /actions-runner/_work/kaos/kaos
end-workflow	Finaliza el workflow	2025-01-23T15:43:24.8194336Z   KAOS_STEP_MODULE: 
end-workflow	Finaliza el workflow	2025-01-23T15:43:24.8194822Z   KAOS_CODE: 12932789860
end-workflow	Finaliza el workflow	2025-01-23T15:43:24.8195401Z   KAOS_ISSUE_NUMBER: 823
end-workflow	Finaliza el workflow	2025-01-23T15:43:24.8196677Z   KAOS_ISSUE_TITLE: [Ka0S] INIT Module failed in 12932778824
end-workflow	Finaliza el workflow	2025-01-23T15:43:24.8201344Z   KAOS_ISSUE_BODY: An error occurred in the execution Action workflow RunID: **12932778824**.
end-workflow	Finaliza el workflow	Initiated by #santakloud from issue number #633
end-workflow	Finaliza el workflow	**[Ka0S] INIT  Message:**
end-workflow	Finaliza el workflow	El error ha sido en : 12932778824
end-workflow	Finaliza el workflow	ejecute este comando en su consola y podrá consultar el fallo del trabajo
end-workflow	Finaliza el workflow	gh run view 12932778824 --log-failed
end-workflow	Finaliza el workflow	```
end-workflow	Finaliza el workflow	**Please check the job logs for https://github.com/SantaKa0S/kaos/actions/runs/12932778824**
end-workflow	Finaliza el workflow	```
end-workflow	Finaliza el workflow	**Requested By:** santakloud
end-workflow	Finaliza el workflow	**Workflow Name:** Ka0s Init
end-workflow	Finaliza el workflow	**Job Name:** handle_failure
end-workflow	Finaliza el workflow	**Run ID:** 12932778824
end-workflow	Finaliza el workflow	**Run Number:** 607
end-workflow	Finaliza el workflow	**Repository:** SantaKa0S/kaos
end-workflow	Finaliza el workflow	**Branch:** refs/heads/H633-modulo-de-execution
end-workflow	Finaliza el workflow	**Files:** core/results/files-in-commit-.txt
end-workflow	Finaliza el workflow	Please investigate the issue.
end-workflow	Finaliza el workflow	2025-01-23T15:43:24.8206640Z   KAOS_ISSUE_USER: santakloud
end-workflow	Finaliza el workflow	2025-01-23T15:43:24.8207306Z ##[endgroup]
end-workflow	Finaliza el workflow	2025-01-23T15:43:24.8366529Z End process
end-workflow	Complete job	2025-01-23T15:43:25.5243451Z Cleaning up orphan processes
