end-workflow	Set up job	2025-01-24T10:12:14.9353565Z Current runner version: '2.321.0'
end-workflow	Set up job	2025-01-24T10:12:14.9363888Z Runner name: 'kaos-execution-4'
end-workflow	Set up job	2025-01-24T10:12:14.9364868Z Runner group name: 'kaos-execution'
end-workflow	Set up job	2025-01-24T10:12:14.9366125Z Machine name: 'aaeee0098231'
end-workflow	Set up job	2025-01-24T10:12:14.9369438Z ##[group]GITHUB_TOKEN Permissions
end-workflow	Set up job	2025-01-24T10:12:14.9373601Z Actions: write
end-workflow	Set up job	2025-01-24T10:12:14.9374325Z Contents: write
end-workflow	Set up job	2025-01-24T10:12:14.9374872Z Issues: write
end-workflow	Set up job	2025-01-24T10:12:14.9375487Z Metadata: read
end-workflow	Set up job	2025-01-24T10:12:14.9376038Z PullRequests: write
end-workflow	Set up job	2025-01-24T10:12:14.9376609Z ##[endgroup]
end-workflow	Set up job	2025-01-24T10:12:14.9380752Z Secret source: Actions
end-workflow	Set up job	2025-01-24T10:12:14.9381780Z Prepare workflow directory
end-workflow	Set up job	2025-01-24T10:12:15.0844006Z Prepare all required actions
end-workflow	Set up job	2025-01-24T10:12:15.1039354Z Complete job name: end-workflow
end-workflow	Finaliza el workflow	2025-01-24T10:12:15.2422986Z ##[group]Run echo "End process"
end-workflow	Finaliza el workflow	2025-01-24T10:12:15.2424255Z [36;1mecho "End process"[0m
end-workflow	Finaliza el workflow	2025-01-24T10:12:15.2425833Z [36;1mgh workflow run inspector.yaml --ref refs/heads/main -f kaos-issue-id="$KAOS_ISSUE_NUMBER" -f kaos-workflow-id="12947566962" -f kaos-user-start="santakloud"[0m
end-workflow	Finaliza el workflow	2025-01-24T10:12:15.2451381Z shell: /usr/bin/bash -e {0}
end-workflow	Finaliza el workflow	2025-01-24T10:12:15.2452436Z env:
end-workflow	Finaliza el workflow	2025-01-24T10:12:15.2452945Z   KAOS_MODULE: [Ka0S] Execution
end-workflow	Finaliza el workflow	2025-01-24T10:12:15.2453864Z   GH_TOKEN: ***
end-workflow	Finaliza el workflow	2025-01-24T10:12:15.2454399Z   BRANCH_NAME: refs/heads/main
end-workflow	Finaliza el workflow	2025-01-24T10:12:15.2455209Z   KAOS_AUTOMATION_COMPLIANCE: compliance/automations/automations.json
end-workflow	Finaliza el workflow	2025-01-24T10:12:15.2456355Z   KAOS_PATH_RESUME: core/results/
end-workflow	Finaliza el workflow	2025-01-24T10:12:15.2456980Z   KAOS_PATH_OUTPUT: core/outputs/e/
end-workflow	Finaliza el workflow	2025-01-24T10:12:15.2457646Z   KAOS_REPO: /actions-runner/_work/kaos/kaos
end-workflow	Finaliza el workflow	2025-01-24T10:12:15.2458314Z   KAOS_STEP_MODULE: 
end-workflow	Finaliza el workflow	2025-01-24T10:12:15.2458823Z   KAOS_CODE: 12947566962
end-workflow	Finaliza el workflow	2025-01-24T10:12:15.2459365Z   KAOS_ISSUE_NUMBER: 830
end-workflow	Finaliza el workflow	2025-01-24T10:12:15.2460127Z   KAOS_ISSUE_TITLE: [Ka0S] INSPECTOR Module failed in 12947556858
end-workflow	Finaliza el workflow	2025-01-24T10:12:15.2463210Z   KAOS_ISSUE_BODY: **[Ka0S] INSPECTOR  Message:**
end-workflow	Finaliza el workflow	El error ha sido en: 12947556858
end-workflow	Finaliza el workflow	si dispone de los permisos necesarios 
end-workflow	Finaliza el workflow	ejecute este comando en su consola y podrá consultar el fallo del trabajo
end-workflow	Finaliza el workflow	gh run view 12947556858 --log-failed
end-workflow	Finaliza el workflow	\`\`\`
end-workflow	Finaliza el workflow	**La información de la ejecución https://github.com/SantaKa0S/kaos/actions/runs/12947556858**
end-workflow	Finaliza el workflow	\`\`\`
end-workflow	Finaliza el workflow	Please investigate the issue.
end-workflow	Finaliza el workflow	2025-01-24T10:12:15.2466393Z   KAOS_ISSUE_USER: santakloud
end-workflow	Finaliza el workflow	2025-01-24T10:12:15.2466965Z ##[endgroup]
end-workflow	Finaliza el workflow	2025-01-24T10:12:15.2782235Z End process
end-workflow	Complete job	2025-01-24T10:12:15.9555370Z Cleaning up orphan processes
