end-workflow	Set up job	2025-01-24T10:12:01.2571704Z Current runner version: '2.321.0'
end-workflow	Set up job	2025-01-24T10:12:01.2583330Z Runner name: 'kaos-execution-4'
end-workflow	Set up job	2025-01-24T10:12:01.2584360Z Runner group name: 'kaos-execution'
end-workflow	Set up job	2025-01-24T10:12:01.2585585Z Machine name: 'aaeee0098231'
end-workflow	Set up job	2025-01-24T10:12:01.2589155Z ##[group]GITHUB_TOKEN Permissions
end-workflow	Set up job	2025-01-24T10:12:01.2593655Z Actions: write
end-workflow	Set up job	2025-01-24T10:12:01.2594336Z Contents: write
end-workflow	Set up job	2025-01-24T10:12:01.2594862Z Issues: write
end-workflow	Set up job	2025-01-24T10:12:01.2595512Z Metadata: read
end-workflow	Set up job	2025-01-24T10:12:01.2596036Z PullRequests: write
end-workflow	Set up job	2025-01-24T10:12:01.2596574Z ##[endgroup]
end-workflow	Set up job	2025-01-24T10:12:01.2600303Z Secret source: Actions
end-workflow	Set up job	2025-01-24T10:12:01.2601283Z Prepare workflow directory
end-workflow	Set up job	2025-01-24T10:12:01.3590774Z Prepare all required actions
end-workflow	Set up job	2025-01-24T10:12:01.3667966Z Complete job name: end-workflow
end-workflow	Finaliza el workflow	2025-01-24T10:12:01.4313833Z ##[group]Run echo "End process"
end-workflow	Finaliza el workflow	2025-01-24T10:12:01.4314908Z [36;1mecho "End process"[0m
end-workflow	Finaliza el workflow	2025-01-24T10:12:01.4316815Z [36;1mgh workflow run inspector.yaml --ref refs/heads/main -f kaos-issue-id="$KAOS_ISSUE_NUMBER" -f kaos-workflow-id="12947563883" -f kaos-user-start="santakloud"[0m
end-workflow	Finaliza el workflow	2025-01-24T10:12:01.4338353Z shell: /usr/bin/bash -e {0}
end-workflow	Finaliza el workflow	2025-01-24T10:12:01.4339306Z env:
end-workflow	Finaliza el workflow	2025-01-24T10:12:01.4339792Z   KAOS_MODULE: [Ka0S] Execution
end-workflow	Finaliza el workflow	2025-01-24T10:12:01.4340656Z   GH_TOKEN: ***
end-workflow	Finaliza el workflow	2025-01-24T10:12:01.4341147Z   BRANCH_NAME: refs/heads/main
end-workflow	Finaliza el workflow	2025-01-24T10:12:01.4341899Z   KAOS_AUTOMATION_COMPLIANCE: compliance/automations/automations.json
end-workflow	Finaliza el workflow	2025-01-24T10:12:01.4342725Z   KAOS_PATH_RESUME: core/results/
end-workflow	Finaliza el workflow	2025-01-24T10:12:01.4343316Z   KAOS_PATH_OUTPUT: core/outputs/e/
end-workflow	Finaliza el workflow	2025-01-24T10:12:01.4343953Z   KAOS_REPO: /actions-runner/_work/kaos/kaos
end-workflow	Finaliza el workflow	2025-01-24T10:12:01.4344573Z   KAOS_STEP_MODULE: 
end-workflow	Finaliza el workflow	2025-01-24T10:12:01.4345060Z   KAOS_CODE: 12947563883
end-workflow	Finaliza el workflow	2025-01-24T10:12:01.4345954Z   KAOS_ISSUE_NUMBER: 829
end-workflow	Finaliza el workflow	2025-01-24T10:12:01.4346848Z   KAOS_ISSUE_TITLE: [Ka0S] INSPECTOR Module failed in 12947554449
end-workflow	Finaliza el workflow	2025-01-24T10:12:01.4349819Z   KAOS_ISSUE_BODY: **[Ka0S] INSPECTOR  Message:**
end-workflow	Finaliza el workflow	El error ha sido en: 12947554449
end-workflow	Finaliza el workflow	si dispone de los permisos necesarios 
end-workflow	Finaliza el workflow	ejecute este comando en su consola y podrá consultar el fallo del trabajo
end-workflow	Finaliza el workflow	gh run view 12947554449 --log-failed
end-workflow	Finaliza el workflow	\`\`\`
end-workflow	Finaliza el workflow	**La información de la ejecución https://github.com/SantaKa0S/kaos/actions/runs/12947554449**
end-workflow	Finaliza el workflow	\`\`\`
end-workflow	Finaliza el workflow	Please investigate the issue.
end-workflow	Finaliza el workflow	2025-01-24T10:12:01.4352592Z   KAOS_ISSUE_USER: santakloud
end-workflow	Finaliza el workflow	2025-01-24T10:12:01.4353300Z ##[endgroup]
end-workflow	Finaliza el workflow	2025-01-24T10:12:01.4609010Z End process
end-workflow	Complete job	2025-01-24T10:12:02.2175774Z Cleaning up orphan processes
