end-workflow	Set up job	2025-01-24T10:13:02.9059014Z Current runner version: '2.321.0'
end-workflow	Set up job	2025-01-24T10:13:02.9067060Z Runner name: 'kaos-execution-4'
end-workflow	Set up job	2025-01-24T10:13:02.9067997Z Runner group name: 'kaos-execution'
end-workflow	Set up job	2025-01-24T10:13:02.9069060Z Machine name: 'aaeee0098231'
end-workflow	Set up job	2025-01-24T10:13:02.9071908Z ##[group]GITHUB_TOKEN Permissions
end-workflow	Set up job	2025-01-24T10:13:02.9074691Z Actions: write
end-workflow	Set up job	2025-01-24T10:13:02.9075227Z Contents: write
end-workflow	Set up job	2025-01-24T10:13:02.9076301Z Issues: write
end-workflow	Set up job	2025-01-24T10:13:02.9076756Z Metadata: read
end-workflow	Set up job	2025-01-24T10:13:02.9077227Z PullRequests: write
end-workflow	Set up job	2025-01-24T10:13:02.9077840Z ##[endgroup]
end-workflow	Set up job	2025-01-24T10:13:02.9080140Z Secret source: Actions
end-workflow	Set up job	2025-01-24T10:13:02.9080828Z Prepare workflow directory
end-workflow	Set up job	2025-01-24T10:13:02.9799462Z Prepare all required actions
end-workflow	Set up job	2025-01-24T10:13:02.9873233Z Complete job name: end-workflow
end-workflow	Finaliza el workflow	2025-01-24T10:13:03.0629662Z ##[group]Run echo "End process"
end-workflow	Finaliza el workflow	2025-01-24T10:13:03.0630631Z [36;1mecho "End process"[0m
end-workflow	Finaliza el workflow	2025-01-24T10:13:03.0632300Z [36;1mgh workflow run inspector.yaml --ref refs/heads/main -f kaos-issue-id="$KAOS_ISSUE_NUMBER" -f kaos-workflow-id="12947579850" -f kaos-user-start="santakloud"[0m
end-workflow	Finaliza el workflow	2025-01-24T10:13:03.0656941Z shell: /usr/bin/bash -e {0}
end-workflow	Finaliza el workflow	2025-01-24T10:13:03.0657912Z env:
end-workflow	Finaliza el workflow	2025-01-24T10:13:03.0658380Z   KAOS_MODULE: [Ka0S] Execution
end-workflow	Finaliza el workflow	2025-01-24T10:13:03.0659222Z   GH_TOKEN: ***
end-workflow	Finaliza el workflow	2025-01-24T10:13:03.0659710Z   BRANCH_NAME: refs/heads/main
end-workflow	Finaliza el workflow	2025-01-24T10:13:03.0660457Z   KAOS_AUTOMATION_COMPLIANCE: compliance/automations/automations.json
end-workflow	Finaliza el workflow	2025-01-24T10:13:03.0661280Z   KAOS_PATH_RESUME: core/results/
end-workflow	Finaliza el workflow	2025-01-24T10:13:03.0661865Z   KAOS_PATH_OUTPUT: core/outputs/e/
end-workflow	Finaliza el workflow	2025-01-24T10:13:03.0662491Z   KAOS_REPO: /actions-runner/_work/kaos/kaos
end-workflow	Finaliza el workflow	2025-01-24T10:13:03.0663121Z   KAOS_STEP_MODULE: 
end-workflow	Finaliza el workflow	2025-01-24T10:13:03.0663606Z   KAOS_CODE: 12947579850
end-workflow	Finaliza el workflow	2025-01-24T10:13:03.0664118Z   KAOS_ISSUE_NUMBER: 831
end-workflow	Finaliza el workflow	2025-01-24T10:13:03.0664862Z   KAOS_ISSUE_TITLE: [Ka0S] INSPECTOR Module failed in 12947568636
end-workflow	Finaliza el workflow	2025-01-24T10:13:03.0668543Z   KAOS_ISSUE_BODY: **[Ka0S] INSPECTOR  Message:**
end-workflow	Finaliza el workflow	El error ha sido en: 12947568636
end-workflow	Finaliza el workflow	si dispone de los permisos necesarios 
end-workflow	Finaliza el workflow	ejecute este comando en su consola y podrá consultar el fallo del trabajo
end-workflow	Finaliza el workflow	gh run view 12947568636 --log-failed
end-workflow	Finaliza el workflow	\`\`\`
end-workflow	Finaliza el workflow	**La información de la ejecución https://github.com/SantaKa0S/kaos/actions/runs/12947568636**
end-workflow	Finaliza el workflow	\`\`\`
end-workflow	Finaliza el workflow	Please investigate the issue.
end-workflow	Finaliza el workflow	2025-01-24T10:13:03.0671296Z   KAOS_ISSUE_USER: santakloud
end-workflow	Finaliza el workflow	2025-01-24T10:13:03.0671984Z ##[endgroup]
end-workflow	Finaliza el workflow	2025-01-24T10:13:03.0914742Z End process
end-workflow	Complete job	2025-01-24T10:13:03.8033867Z Cleaning up orphan processes
